<?xml version="1.0" encoding="UTF-8"?>
<testsuite name="PasswordCheckerTestLog" tests="1" skipped="0" failures="0" errors="0" timestamp="2020-07-24T14:10:34" hostname="koketso-HP-15-Notebook-PC" time="2.255">
  <properties/>
  <testcase name="existingPassword()" classname="PasswordCheckerTestLog" time="2.255"/>
  <system-out><![CDATA[16:10:36.414 [Test worker] ERROR PasswordCheckerLogging - password should exist
]]></system-out>
  <system-err><![CDATA[]]></system-err>
</testsuite>
